<?xml version="1.0" encoding="UTF-8"?>
<!-- Generated by org.testng.reporters.JUnitReportReporter -->
<testsuite hostname="DELL-PC" name="Academy.Homepage" tests="2" failures="0" timestamp="9 Oct 2019 16:22:03 GMT" time="39.023" errors="0">
  <testcase name="basePageNavigation" time="22.183" classname="Academy.Homepage"/>
  <testcase name="basePageNavigation" time="16.840" classname="Academy.Homepage"/>
</testsuite> <!-- Academy.Homepage -->
