<?xml version="1.0" encoding="UTF-8"?>
<!-- Generated by org.testng.reporters.JUnitReportReporter -->
<testsuite hostname="DELL-PC" name="Academy.javaScript" tests="1" failures="0" timestamp="9 Sep 2019 16:45:48 GMT" time="11.000" errors="0">
  <testcase name="WebPageScroll" time="11.000" classname="Academy.javaScript"/>
</testsuite> <!-- Academy.javaScript -->
