<?xml version="1.0" encoding="UTF-8"?>
<!-- Generated by org.testng.reporters.JUnitReportReporter -->
<testsuite skipped="0" hostname="DELL-PC" name="Academy.validateNavbar" tests="1" failures="0" timestamp="14 Oct 2019 16:29:53 GMT" time="0.126" errors="0">
  <testcase name="basePageNavigation" time="0.126" classname="Academy.validateNavbar"/>
</testsuite> <!-- Academy.validateNavbar -->
